{"C:\\Users\\Leonardo\\Desktop\\Udemy\\projetos\\Javascript\\Api-Rest-TDD\\knexfile.js": {"path":"C:\\Users\\Leonardo\\Desktop\\Udemy\\projetos\\Javascript\\Api-Rest-TDD\\knexfile.js","statementMap":{"0":{"start":{"line":1,"column":0},"end":{"line":14,"column":2}}},"fnMap":{},"branchMap":{},"s":{"0":7},"f":{},"b":{},"_coverageSchema":"332fd63041d2c1bcb487cc26dd0d5f7d97098a6c","hash":"fc6cdd3dc40764f51a75b099f3b6413f78c5cbac"}
,"C:\\Users\\Leonardo\\Desktop\\Udemy\\projetos\\Javascript\\Api-Rest-TDD\\src\\app.js": {"path":"C:\\Users\\Leonardo\\Desktop\\Udemy\\projetos\\Javascript\\Api-Rest-TDD\\src\\app.js","statementMap":{"0":{"start":{"line":1,"column":12},"end":{"line":1,"column":32}},"1":{"start":{"line":2,"column":16},"end":{"line":2,"column":34}},"2":{"start":{"line":3,"column":13},"end":{"line":3,"column":28}},"3":{"start":{"line":4,"column":17},"end":{"line":4,"column":39}},"4":{"start":{"line":8,"column":0},"end":{"line":8,"column":29}},"5":{"start":{"line":12,"column":0},"end":{"line":20,"column":13}},"6":{"start":{"line":23,"column":0},"end":{"line":25,"column":3}},"7":{"start":{"line":24,"column":2},"end":{"line":24,"column":25}},"8":{"start":{"line":31,"column":0},"end":{"line":40,"column":3}},"9":{"start":{"line":32,"column":35},"end":{"line":32,"column":38}},"10":{"start":{"line":33,"column":2},"end":{"line":38,"column":3}},"11":{"start":{"line":33,"column":34},"end":{"line":33,"column":75}},"12":{"start":{"line":34,"column":7},"end":{"line":38,"column":3}},"13":{"start":{"line":34,"column":44},"end":{"line":34,"column":85}},"14":{"start":{"line":37,"column":4},"end":{"line":37,"column":51}},"15":{"start":{"line":39,"column":2},"end":{"line":39,"column":12}},"16":{"start":{"line":42,"column":0},"end":{"line":44,"column":46}},"17":{"start":{"line":44,"column":26},"end":{"line":44,"column":44}},"18":{"start":{"line":46,"column":0},"end":{"line":46,"column":21}}},"fnMap":{"0":{"name":"(anonymous_0)","decl":{"start":{"line":23,"column":13},"end":{"line":23,"column":14}},"loc":{"start":{"line":23,"column":27},"end":{"line":25,"column":1}},"line":23},"1":{"name":"(anonymous_1)","decl":{"start":{"line":31,"column":8},"end":{"line":31,"column":9}},"loc":{"start":{"line":31,"column":33},"end":{"line":40,"column":1}},"line":31},"2":{"name":"(anonymous_2)","decl":{"start":{"line":42,"column":19},"end":{"line":42,"column":20}},"loc":{"start":{"line":42,"column":25},"end":{"line":43,"column":1}},"line":42},"3":{"name":"(anonymous_3)","decl":{"start":{"line":43,"column":24},"end":{"line":43,"column":25}},"loc":{"start":{"line":43,"column":30},"end":{"line":44,"column":1}},"line":43},"4":{"name":"(anonymous_4)","decl":{"start":{"line":44,"column":15},"end":{"line":44,"column":16}},"loc":{"start":{"line":44,"column":26},"end":{"line":44,"column":44}},"line":44}},"branchMap":{"0":{"loc":{"start":{"line":33,"column":2},"end":{"line":38,"column":3}},"type":"if","locations":[{"start":{"line":33,"column":2},"end":{"line":38,"column":3}},{"start":{"line":33,"column":2},"end":{"line":38,"column":3}}],"line":33},"1":{"loc":{"start":{"line":34,"column":7},"end":{"line":38,"column":3}},"type":"if","locations":[{"start":{"line":34,"column":7},"end":{"line":38,"column":3}},{"start":{"line":34,"column":7},"end":{"line":38,"column":3}}],"line":34}},"s":{"0":7,"1":7,"2":7,"3":7,"4":7,"5":7,"6":7,"7":1,"8":7,"9":43,"10":43,"11":29,"12":14,"13":5,"14":9,"15":34,"16":7,"17":0,"18":7},"f":{"0":1,"1":43,"2":335,"3":311,"4":0},"b":{"0":[29,14],"1":[5,9]},"_coverageSchema":"332fd63041d2c1bcb487cc26dd0d5f7d97098a6c","hash":"db5da3268004240fa81155000fba1871399caac3"}
,"C:\\Users\\Leonardo\\Desktop\\Udemy\\projetos\\Javascript\\Api-Rest-TDD\\src\\config\\middlewares.js": {"path":"C:\\Users\\Leonardo\\Desktop\\Udemy\\projetos\\Javascript\\Api-Rest-TDD\\src\\config\\middlewares.js","statementMap":{"0":{"start":{"line":1,"column":19},"end":{"line":1,"column":41}},"1":{"start":{"line":4,"column":0},"end":{"line":7,"column":2}},"2":{"start":{"line":5,"column":2},"end":{"line":5,"column":29}}},"fnMap":{"0":{"name":"(anonymous_0)","decl":{"start":{"line":4,"column":17},"end":{"line":4,"column":18}},"loc":{"start":{"line":4,"column":26},"end":{"line":7,"column":1}},"line":4}},"branchMap":{},"s":{"0":7,"1":7,"2":7},"f":{"0":7},"b":{},"_coverageSchema":"332fd63041d2c1bcb487cc26dd0d5f7d97098a6c","hash":"784ed68c936271de5ed79a79cd32a9501f84ceaf"}
,"C:\\Users\\Leonardo\\Desktop\\Udemy\\projetos\\Javascript\\Api-Rest-TDD\\src\\config\\passport.js": {"path":"C:\\Users\\Leonardo\\Desktop\\Udemy\\projetos\\Javascript\\Api-Rest-TDD\\src\\config\\passport.js","statementMap":{"0":{"start":{"line":1,"column":17},"end":{"line":1,"column":36}},"1":{"start":{"line":2,"column":20},"end":{"line":2,"column":43}},"2":{"start":{"line":4,"column":15},"end":{"line":4,"column":26}},"3":{"start":{"line":6,"column":33},"end":{"line":6,"column":44}},"4":{"start":{"line":8,"column":0},"end":{"line":27,"column":2}},"5":{"start":{"line":9,"column":17},"end":{"line":12,"column":3}},"6":{"start":{"line":14,"column":19},"end":{"line":20,"column":4}},"7":{"start":{"line":15,"column":4},"end":{"line":19,"column":42}},"8":{"start":{"line":17,"column":8},"end":{"line":18,"column":31}},"9":{"start":{"line":17,"column":18},"end":{"line":17,"column":45}},"10":{"start":{"line":18,"column":13},"end":{"line":18,"column":31}},"11":{"start":{"line":19,"column":24},"end":{"line":19,"column":40}},"12":{"start":{"line":22,"column":2},"end":{"line":22,"column":25}},"13":{"start":{"line":24,"column":2},"end":{"line":26,"column":4}},"14":{"start":{"line":25,"column":24},"end":{"line":25,"column":72}}},"fnMap":{"0":{"name":"(anonymous_0)","decl":{"start":{"line":8,"column":17},"end":{"line":8,"column":18}},"loc":{"start":{"line":8,"column":26},"end":{"line":27,"column":1}},"line":8},"1":{"name":"(anonymous_1)","decl":{"start":{"line":14,"column":40},"end":{"line":14,"column":41}},"loc":{"start":{"line":14,"column":59},"end":{"line":20,"column":3}},"line":14},"2":{"name":"(anonymous_2)","decl":{"start":{"line":16,"column":12},"end":{"line":16,"column":13}},"loc":{"start":{"line":16,"column":22},"end":{"line":19,"column":7}},"line":16},"3":{"name":"(anonymous_3)","decl":{"start":{"line":19,"column":15},"end":{"line":19,"column":16}},"loc":{"start":{"line":19,"column":24},"end":{"line":19,"column":40}},"line":19},"4":{"name":"(anonymous_4)","decl":{"start":{"line":25,"column":18},"end":{"line":25,"column":19}},"loc":{"start":{"line":25,"column":24},"end":{"line":25,"column":72}},"line":25}},"branchMap":{"0":{"loc":{"start":{"line":17,"column":8},"end":{"line":18,"column":31}},"type":"if","locations":[{"start":{"line":17,"column":8},"end":{"line":18,"column":31}},{"start":{"line":17,"column":8},"end":{"line":18,"column":31}}],"line":17}},"s":{"0":7,"1":7,"2":7,"3":7,"4":7,"5":7,"6":7,"7":71,"8":71,"9":71,"10":0,"11":0,"12":7,"13":7,"14":7},"f":{"0":7,"1":71,"2":71,"3":0,"4":7},"b":{"0":[71,0]},"_coverageSchema":"332fd63041d2c1bcb487cc26dd0d5f7d97098a6c","hash":"236ef3b988630c7ee1ba324a042589a7b9e046c3"}
,"C:\\Users\\Leonardo\\Desktop\\Udemy\\projetos\\Javascript\\Api-Rest-TDD\\src\\config\\router.js": {"path":"C:\\Users\\Leonardo\\Desktop\\Udemy\\projetos\\Javascript\\Api-Rest-TDD\\src\\config\\router.js","statementMap":{"0":{"start":{"line":1,"column":16},"end":{"line":1,"column":34}},"1":{"start":{"line":3,"column":0},"end":{"line":14,"column":2}},"2":{"start":{"line":4,"column":2},"end":{"line":4,"column":36}},"3":{"start":{"line":5,"column":26},"end":{"line":5,"column":42}},"4":{"start":{"line":7,"column":2},"end":{"line":7,"column":50}},"5":{"start":{"line":8,"column":2},"end":{"line":8,"column":56}},"6":{"start":{"line":9,"column":2},"end":{"line":9,"column":64}},"7":{"start":{"line":10,"column":2},"end":{"line":10,"column":58}},"8":{"start":{"line":11,"column":2},"end":{"line":11,"column":54}},"9":{"start":{"line":13,"column":2},"end":{"line":13,"column":70}}},"fnMap":{"0":{"name":"(anonymous_0)","decl":{"start":{"line":3,"column":17},"end":{"line":3,"column":18}},"loc":{"start":{"line":3,"column":26},"end":{"line":14,"column":1}},"line":3}},"branchMap":{},"s":{"0":7,"1":7,"2":7,"3":7,"4":7,"5":7,"6":7,"7":7,"8":7,"9":7},"f":{"0":7},"b":{},"_coverageSchema":"332fd63041d2c1bcb487cc26dd0d5f7d97098a6c","hash":"48d82d80cf2f4c0e2f66060145803474c43ce8ab"}
,"C:\\Users\\Leonardo\\Desktop\\Udemy\\projetos\\Javascript\\Api-Rest-TDD\\src\\errors\\RecursoIndevidoError.js": {"path":"C:\\Users\\Leonardo\\Desktop\\Udemy\\projetos\\Javascript\\Api-Rest-TDD\\src\\errors\\RecursoIndevidoError.js","statementMap":{"0":{"start":{"line":1,"column":0},"end":{"line":4,"column":2}},"1":{"start":{"line":2,"column":2},"end":{"line":2,"column":37}},"2":{"start":{"line":3,"column":2},"end":{"line":3,"column":25}}},"fnMap":{"0":{"name":"RecursoIndevidoError","decl":{"start":{"line":1,"column":26},"end":{"line":1,"column":46}},"loc":{"start":{"line":1,"column":97},"end":{"line":4,"column":1}},"line":1}},"branchMap":{"0":{"loc":{"start":{"line":1,"column":47},"end":{"line":1,"column":95}},"type":"default-arg","locations":[{"start":{"line":1,"column":57},"end":{"line":1,"column":95}}],"line":1}},"s":{"0":7,"1":5,"2":5},"f":{"0":5},"b":{"0":[5]},"_coverageSchema":"332fd63041d2c1bcb487cc26dd0d5f7d97098a6c","hash":"9883ee59cf8db5c5976e238491f1cb3ed4475b4c"}
,"C:\\Users\\Leonardo\\Desktop\\Udemy\\projetos\\Javascript\\Api-Rest-TDD\\src\\errors\\ValidationError.js": {"path":"C:\\Users\\Leonardo\\Desktop\\Udemy\\projetos\\Javascript\\Api-Rest-TDD\\src\\errors\\ValidationError.js","statementMap":{"0":{"start":{"line":1,"column":0},"end":{"line":4,"column":2}},"1":{"start":{"line":2,"column":2},"end":{"line":2,"column":32}},"2":{"start":{"line":3,"column":2},"end":{"line":3,"column":25}}},"fnMap":{"0":{"name":"ValidationError","decl":{"start":{"line":1,"column":26},"end":{"line":1,"column":41}},"loc":{"start":{"line":1,"column":51},"end":{"line":4,"column":1}},"line":1}},"branchMap":{},"s":{"0":7,"1":29,"2":29},"f":{"0":29},"b":{},"_coverageSchema":"332fd63041d2c1bcb487cc26dd0d5f7d97098a6c","hash":"3f26006f724012fa9e40129f0495c0d43b7dd563"}
,"C:\\Users\\Leonardo\\Desktop\\Udemy\\projetos\\Javascript\\Api-Rest-TDD\\src\\migrations\\20190901132546_create_users.js": {"path":"C:\\Users\\Leonardo\\Desktop\\Udemy\\projetos\\Javascript\\Api-Rest-TDD\\src\\migrations\\20190901132546_create_users.js","statementMap":{"0":{"start":{"line":1,"column":0},"end":{"line":8,"column":2}},"1":{"start":{"line":2,"column":2},"end":{"line":7,"column":5}},"2":{"start":{"line":3,"column":4},"end":{"line":3,"column":33}},"3":{"start":{"line":4,"column":4},"end":{"line":4,"column":31}},"4":{"start":{"line":5,"column":4},"end":{"line":5,"column":41}},"5":{"start":{"line":6,"column":4},"end":{"line":6,"column":35}},"6":{"start":{"line":10,"column":0},"end":{"line":12,"column":2}},"7":{"start":{"line":11,"column":2},"end":{"line":11,"column":40}}},"fnMap":{"0":{"name":"(anonymous_0)","decl":{"start":{"line":1,"column":13},"end":{"line":1,"column":14}},"loc":{"start":{"line":1,"column":23},"end":{"line":8,"column":1}},"line":1},"1":{"name":"(anonymous_1)","decl":{"start":{"line":2,"column":42},"end":{"line":2,"column":43}},"loc":{"start":{"line":2,"column":49},"end":{"line":7,"column":3}},"line":2},"2":{"name":"(anonymous_2)","decl":{"start":{"line":10,"column":15},"end":{"line":10,"column":16}},"loc":{"start":{"line":10,"column":25},"end":{"line":12,"column":1}},"line":10}},"branchMap":{},"s":{"0":2,"1":2,"2":2,"3":2,"4":2,"5":2,"6":2,"7":2},"f":{"0":2,"1":2,"2":2},"b":{},"_coverageSchema":"332fd63041d2c1bcb487cc26dd0d5f7d97098a6c","hash":"f69d9afc07e7cde0a7c70ce4ff26bcc805ce753a"}
,"C:\\Users\\Leonardo\\Desktop\\Udemy\\projetos\\Javascript\\Api-Rest-TDD\\src\\migrations\\20190902232955_create_table_accounts.js": {"path":"C:\\Users\\Leonardo\\Desktop\\Udemy\\projetos\\Javascript\\Api-Rest-TDD\\src\\migrations\\20190902232955_create_table_accounts.js","statementMap":{"0":{"start":{"line":2,"column":0},"end":{"line":11,"column":2}},"1":{"start":{"line":3,"column":2},"end":{"line":10,"column":5}},"2":{"start":{"line":4,"column":4},"end":{"line":4,"column":33}},"3":{"start":{"line":5,"column":4},"end":{"line":5,"column":31}},"4":{"start":{"line":6,"column":4},"end":{"line":9,"column":17}},"5":{"start":{"line":13,"column":0},"end":{"line":15,"column":2}},"6":{"start":{"line":14,"column":2},"end":{"line":14,"column":43}}},"fnMap":{"0":{"name":"(anonymous_0)","decl":{"start":{"line":2,"column":13},"end":{"line":2,"column":14}},"loc":{"start":{"line":2,"column":23},"end":{"line":11,"column":1}},"line":2},"1":{"name":"(anonymous_1)","decl":{"start":{"line":3,"column":45},"end":{"line":3,"column":46}},"loc":{"start":{"line":3,"column":52},"end":{"line":10,"column":3}},"line":3},"2":{"name":"(anonymous_2)","decl":{"start":{"line":13,"column":15},"end":{"line":13,"column":16}},"loc":{"start":{"line":13,"column":25},"end":{"line":15,"column":1}},"line":13}},"branchMap":{},"s":{"0":2,"1":2,"2":2,"3":2,"4":2,"5":2,"6":2},"f":{"0":2,"1":2,"2":2},"b":{},"_coverageSchema":"332fd63041d2c1bcb487cc26dd0d5f7d97098a6c","hash":"07fdc27a141a229840b46f565d0f0811393544e9"}
,"C:\\Users\\Leonardo\\Desktop\\Udemy\\projetos\\Javascript\\Api-Rest-TDD\\src\\migrations\\20191216022536_create_table_transactions.js": {"path":"C:\\Users\\Leonardo\\Desktop\\Udemy\\projetos\\Javascript\\Api-Rest-TDD\\src\\migrations\\20191216022536_create_table_transactions.js","statementMap":{"0":{"start":{"line":2,"column":0},"end":{"line":12,"column":2}},"1":{"start":{"line":3,"column":2},"end":{"line":11,"column":5}},"2":{"start":{"line":4,"column":4},"end":{"line":4,"column":33}},"3":{"start":{"line":5,"column":4},"end":{"line":5,"column":38}},"4":{"start":{"line":6,"column":4},"end":{"line":6,"column":41}},"5":{"start":{"line":7,"column":4},"end":{"line":7,"column":29}},"6":{"start":{"line":8,"column":4},"end":{"line":8,"column":42}},"7":{"start":{"line":9,"column":4},"end":{"line":9,"column":49}},"8":{"start":{"line":10,"column":4},"end":{"line":10,"column":71}},"9":{"start":{"line":14,"column":0},"end":{"line":16,"column":2}},"10":{"start":{"line":15,"column":2},"end":{"line":15,"column":47}}},"fnMap":{"0":{"name":"(anonymous_0)","decl":{"start":{"line":2,"column":13},"end":{"line":2,"column":14}},"loc":{"start":{"line":2,"column":23},"end":{"line":12,"column":1}},"line":2},"1":{"name":"(anonymous_1)","decl":{"start":{"line":3,"column":49},"end":{"line":3,"column":50}},"loc":{"start":{"line":3,"column":56},"end":{"line":11,"column":3}},"line":3},"2":{"name":"(anonymous_2)","decl":{"start":{"line":14,"column":15},"end":{"line":14,"column":16}},"loc":{"start":{"line":14,"column":25},"end":{"line":16,"column":1}},"line":14}},"branchMap":{},"s":{"0":2,"1":2,"2":2,"3":2,"4":2,"5":2,"6":2,"7":2,"8":2,"9":2,"10":2},"f":{"0":2,"1":2,"2":2},"b":{},"_coverageSchema":"332fd63041d2c1bcb487cc26dd0d5f7d97098a6c","hash":"8e9f929be535cbdf52857c2eb8307acfa56ec243"}
,"C:\\Users\\Leonardo\\Desktop\\Udemy\\projetos\\Javascript\\Api-Rest-TDD\\src\\migrations\\20191221150655_create_table_transfers.js": {"path":"C:\\Users\\Leonardo\\Desktop\\Udemy\\projetos\\Javascript\\Api-Rest-TDD\\src\\migrations\\20191221150655_create_table_transfers.js","statementMap":{"0":{"start":{"line":2,"column":0},"end":{"line":17,"column":2}},"1":{"start":{"line":3,"column":2},"end":{"line":16,"column":5}},"2":{"start":{"line":5,"column":6},"end":{"line":5,"column":35}},"3":{"start":{"line":6,"column":6},"end":{"line":6,"column":40}},"4":{"start":{"line":7,"column":6},"end":{"line":7,"column":31}},"5":{"start":{"line":8,"column":6},"end":{"line":8,"column":44}},"6":{"start":{"line":9,"column":6},"end":{"line":9,"column":77}},"7":{"start":{"line":10,"column":6},"end":{"line":10,"column":78}},"8":{"start":{"line":11,"column":6},"end":{"line":11,"column":71}},"9":{"start":{"line":14,"column":6},"end":{"line":14,"column":69}},"10":{"start":{"line":19,"column":0},"end":{"line":26,"column":2}},"11":{"start":{"line":20,"column":2},"end":{"line":25,"column":5}},"12":{"start":{"line":22,"column":6},"end":{"line":22,"column":34}}},"fnMap":{"0":{"name":"(anonymous_0)","decl":{"start":{"line":2,"column":13},"end":{"line":2,"column":14}},"loc":{"start":{"line":2,"column":32},"end":{"line":17,"column":1}},"line":2},"1":{"name":"(anonymous_1)","decl":{"start":{"line":4,"column":41},"end":{"line":4,"column":42}},"loc":{"start":{"line":4,"column":48},"end":{"line":12,"column":5}},"line":4},"2":{"name":"(anonymous_2)","decl":{"start":{"line":13,"column":38},"end":{"line":13,"column":39}},"loc":{"start":{"line":13,"column":45},"end":{"line":15,"column":5}},"line":13},"3":{"name":"(anonymous_3)","decl":{"start":{"line":19,"column":15},"end":{"line":19,"column":16}},"loc":{"start":{"line":19,"column":34},"end":{"line":26,"column":1}},"line":19},"4":{"name":"(anonymous_4)","decl":{"start":{"line":21,"column":38},"end":{"line":21,"column":39}},"loc":{"start":{"line":21,"column":45},"end":{"line":23,"column":5}},"line":21}},"branchMap":{},"s":{"0":2,"1":2,"2":2,"3":2,"4":2,"5":2,"6":2,"7":2,"8":2,"9":2,"10":2,"11":2,"12":2},"f":{"0":2,"1":2,"2":2,"3":2,"4":2},"b":{},"_coverageSchema":"332fd63041d2c1bcb487cc26dd0d5f7d97098a6c","hash":"6ec63cd9b3ae1b6fd063bb4402e00e566b7ef20b"}
,"C:\\Users\\Leonardo\\Desktop\\Udemy\\projetos\\Javascript\\Api-Rest-TDD\\src\\routes\\accounts.js": {"path":"C:\\Users\\Leonardo\\Desktop\\Udemy\\projetos\\Javascript\\Api-Rest-TDD\\src\\routes\\accounts.js","statementMap":{"0":{"start":{"line":1,"column":16},"end":{"line":1,"column":34}},"1":{"start":{"line":3,"column":29},"end":{"line":3,"column":70}},"2":{"start":{"line":5,"column":0},"end":{"line":48,"column":2}},"3":{"start":{"line":6,"column":17},"end":{"line":6,"column":33}},"4":{"start":{"line":8,"column":2},"end":{"line":15,"column":5}},"5":{"start":{"line":9,"column":4},"end":{"line":14,"column":33}},"6":{"start":{"line":11,"column":8},"end":{"line":12,"column":20}},"7":{"start":{"line":11,"column":41},"end":{"line":11,"column":74}},"8":{"start":{"line":12,"column":13},"end":{"line":12,"column":20}},"9":{"start":{"line":14,"column":22},"end":{"line":14,"column":31}},"10":{"start":{"line":17,"column":2},"end":{"line":21,"column":5}},"11":{"start":{"line":18,"column":4},"end":{"line":20,"column":33}},"12":{"start":{"line":19,"column":26},"end":{"line":19,"column":65}},"13":{"start":{"line":20,"column":22},"end":{"line":20,"column":31}},"14":{"start":{"line":23,"column":2},"end":{"line":27,"column":5}},"15":{"start":{"line":24,"column":4},"end":{"line":26,"column":33}},"16":{"start":{"line":25,"column":26},"end":{"line":25,"column":62}},"17":{"start":{"line":26,"column":22},"end":{"line":26,"column":31}},"18":{"start":{"line":29,"column":2},"end":{"line":33,"column":5}},"19":{"start":{"line":30,"column":4},"end":{"line":32,"column":33}},"20":{"start":{"line":31,"column":24},"end":{"line":31,"column":52}},"21":{"start":{"line":32,"column":22},"end":{"line":32,"column":31}},"22":{"start":{"line":35,"column":2},"end":{"line":39,"column":5}},"23":{"start":{"line":36,"column":4},"end":{"line":38,"column":33}},"24":{"start":{"line":37,"column":24},"end":{"line":37,"column":55}},"25":{"start":{"line":38,"column":22},"end":{"line":38,"column":31}},"26":{"start":{"line":41,"column":2},"end":{"line":45,"column":5}},"27":{"start":{"line":42,"column":4},"end":{"line":44,"column":33}},"28":{"start":{"line":43,"column":18},"end":{"line":43,"column":40}},"29":{"start":{"line":44,"column":22},"end":{"line":44,"column":31}},"30":{"start":{"line":47,"column":2},"end":{"line":47,"column":16}}},"fnMap":{"0":{"name":"(anonymous_0)","decl":{"start":{"line":5,"column":17},"end":{"line":5,"column":18}},"loc":{"start":{"line":5,"column":26},"end":{"line":48,"column":1}},"line":5},"1":{"name":"(anonymous_1)","decl":{"start":{"line":8,"column":21},"end":{"line":8,"column":22}},"loc":{"start":{"line":8,"column":41},"end":{"line":15,"column":3}},"line":8},"2":{"name":"(anonymous_2)","decl":{"start":{"line":10,"column":12},"end":{"line":10,"column":13}},"loc":{"start":{"line":10,"column":21},"end":{"line":13,"column":7}},"line":10},"3":{"name":"(anonymous_3)","decl":{"start":{"line":14,"column":13},"end":{"line":14,"column":14}},"loc":{"start":{"line":14,"column":22},"end":{"line":14,"column":31}},"line":14},"4":{"name":"(anonymous_4)","decl":{"start":{"line":17,"column":19},"end":{"line":17,"column":20}},"loc":{"start":{"line":17,"column":39},"end":{"line":21,"column":3}},"line":17},"5":{"name":"(anonymous_5)","decl":{"start":{"line":19,"column":12},"end":{"line":19,"column":13}},"loc":{"start":{"line":19,"column":24},"end":{"line":19,"column":67}},"line":19},"6":{"name":"(anonymous_6)","decl":{"start":{"line":20,"column":13},"end":{"line":20,"column":14}},"loc":{"start":{"line":20,"column":22},"end":{"line":20,"column":31}},"line":20},"7":{"name":"(anonymous_7)","decl":{"start":{"line":23,"column":18},"end":{"line":23,"column":19}},"loc":{"start":{"line":23,"column":38},"end":{"line":27,"column":3}},"line":23},"8":{"name":"(anonymous_8)","decl":{"start":{"line":25,"column":12},"end":{"line":25,"column":13}},"loc":{"start":{"line":25,"column":24},"end":{"line":25,"column":64}},"line":25},"9":{"name":"(anonymous_9)","decl":{"start":{"line":26,"column":13},"end":{"line":26,"column":14}},"loc":{"start":{"line":26,"column":22},"end":{"line":26,"column":31}},"line":26},"10":{"name":"(anonymous_10)","decl":{"start":{"line":29,"column":21},"end":{"line":29,"column":22}},"loc":{"start":{"line":29,"column":41},"end":{"line":33,"column":3}},"line":29},"11":{"name":"(anonymous_11)","decl":{"start":{"line":31,"column":12},"end":{"line":31,"column":13}},"loc":{"start":{"line":31,"column":24},"end":{"line":31,"column":52}},"line":31},"12":{"name":"(anonymous_12)","decl":{"start":{"line":32,"column":13},"end":{"line":32,"column":14}},"loc":{"start":{"line":32,"column":22},"end":{"line":32,"column":31}},"line":32},"13":{"name":"(anonymous_13)","decl":{"start":{"line":35,"column":21},"end":{"line":35,"column":22}},"loc":{"start":{"line":35,"column":41},"end":{"line":39,"column":3}},"line":35},"14":{"name":"(anonymous_14)","decl":{"start":{"line":37,"column":12},"end":{"line":37,"column":13}},"loc":{"start":{"line":37,"column":24},"end":{"line":37,"column":55}},"line":37},"15":{"name":"(anonymous_15)","decl":{"start":{"line":38,"column":13},"end":{"line":38,"column":14}},"loc":{"start":{"line":38,"column":22},"end":{"line":38,"column":31}},"line":38},"16":{"name":"(anonymous_16)","decl":{"start":{"line":41,"column":24},"end":{"line":41,"column":25}},"loc":{"start":{"line":41,"column":44},"end":{"line":45,"column":3}},"line":41},"17":{"name":"(anonymous_17)","decl":{"start":{"line":43,"column":12},"end":{"line":43,"column":13}},"loc":{"start":{"line":43,"column":18},"end":{"line":43,"column":40}},"line":43},"18":{"name":"(anonymous_18)","decl":{"start":{"line":44,"column":13},"end":{"line":44,"column":14}},"loc":{"start":{"line":44,"column":22},"end":{"line":44,"column":31}},"line":44}},"branchMap":{"0":{"loc":{"start":{"line":11,"column":8},"end":{"line":12,"column":20}},"type":"if","locations":[{"start":{"line":11,"column":8},"end":{"line":12,"column":20}},{"start":{"line":11,"column":8},"end":{"line":12,"column":20}}],"line":11}},"s":{"0":7,"1":7,"2":7,"3":7,"4":7,"5":7,"6":7,"7":3,"8":4,"9":3,"10":7,"11":3,"12":1,"13":2,"14":7,"15":1,"16":1,"17":0,"18":7,"19":1,"20":1,"21":0,"22":7,"23":1,"24":1,"25":0,"26":7,"27":2,"28":1,"29":1,"30":7},"f":{"0":7,"1":7,"2":7,"3":3,"4":3,"5":1,"6":2,"7":1,"8":1,"9":0,"10":1,"11":1,"12":0,"13":1,"14":1,"15":0,"16":2,"17":1,"18":1},"b":{"0":[3,4]},"_coverageSchema":"332fd63041d2c1bcb487cc26dd0d5f7d97098a6c","hash":"f2db7a5e53668626f4f73908d0f257b723d04f18"}
,"C:\\Users\\Leonardo\\Desktop\\Udemy\\projetos\\Javascript\\Api-Rest-TDD\\src\\routes\\auth.js": {"path":"C:\\Users\\Leonardo\\Desktop\\Udemy\\projetos\\Javascript\\Api-Rest-TDD\\src\\routes\\auth.js","statementMap":{"0":{"start":{"line":1,"column":16},"end":{"line":1,"column":34}},"1":{"start":{"line":2,"column":12},"end":{"line":2,"column":33}},"2":{"start":{"line":3,"column":15},"end":{"line":3,"column":39}},"3":{"start":{"line":4,"column":24},"end":{"line":4,"column":60}},"4":{"start":{"line":6,"column":15},"end":{"line":6,"column":26}},"5":{"start":{"line":8,"column":0},"end":{"line":39,"column":2}},"6":{"start":{"line":9,"column":17},"end":{"line":9,"column":33}},"7":{"start":{"line":11,"column":2},"end":{"line":26,"column":5}},"8":{"start":{"line":12,"column":4},"end":{"line":25,"column":35}},"9":{"start":{"line":14,"column":8},"end":{"line":14,"column":75}},"10":{"start":{"line":14,"column":19},"end":{"line":14,"column":75}},"11":{"start":{"line":15,"column":8},"end":{"line":24,"column":75}},"12":{"start":{"line":16,"column":26},"end":{"line":20,"column":11}},"13":{"start":{"line":22,"column":24},"end":{"line":22,"column":51}},"14":{"start":{"line":23,"column":10},"end":{"line":23,"column":42}},"15":{"start":{"line":24,"column":17},"end":{"line":24,"column":73}},"16":{"start":{"line":25,"column":24},"end":{"line":25,"column":33}},"17":{"start":{"line":28,"column":2},"end":{"line":35,"column":5}},"18":{"start":{"line":29,"column":4},"end":{"line":34,"column":5}},"19":{"start":{"line":30,"column":21},"end":{"line":30,"column":59}},"20":{"start":{"line":31,"column":6},"end":{"line":31,"column":45}},"21":{"start":{"line":33,"column":6},"end":{"line":33,"column":23}},"22":{"start":{"line":38,"column":2},"end":{"line":38,"column":16}}},"fnMap":{"0":{"name":"(anonymous_0)","decl":{"start":{"line":8,"column":17},"end":{"line":8,"column":18}},"loc":{"start":{"line":8,"column":26},"end":{"line":39,"column":1}},"line":8},"1":{"name":"(anonymous_1)","decl":{"start":{"line":11,"column":25},"end":{"line":11,"column":26}},"loc":{"start":{"line":11,"column":45},"end":{"line":26,"column":3}},"line":11},"2":{"name":"(anonymous_2)","decl":{"start":{"line":13,"column":12},"end":{"line":13,"column":13}},"loc":{"start":{"line":13,"column":22},"end":{"line":25,"column":7}},"line":13},"3":{"name":"(anonymous_3)","decl":{"start":{"line":25,"column":15},"end":{"line":25,"column":16}},"loc":{"start":{"line":25,"column":24},"end":{"line":25,"column":33}},"line":25},"4":{"name":"(anonymous_4)","decl":{"start":{"line":28,"column":25},"end":{"line":28,"column":26}},"loc":{"start":{"line":28,"column":51},"end":{"line":35,"column":3}},"line":28}},"branchMap":{"0":{"loc":{"start":{"line":14,"column":8},"end":{"line":14,"column":75}},"type":"if","locations":[{"start":{"line":14,"column":8},"end":{"line":14,"column":75}},{"start":{"line":14,"column":8},"end":{"line":14,"column":75}}],"line":14},"1":{"loc":{"start":{"line":15,"column":8},"end":{"line":24,"column":75}},"type":"if","locations":[{"start":{"line":15,"column":8},"end":{"line":24,"column":75}},{"start":{"line":15,"column":8},"end":{"line":24,"column":75}}],"line":15}},"s":{"0":7,"1":7,"2":7,"3":7,"4":7,"5":7,"6":7,"7":7,"8":3,"9":3,"10":1,"11":2,"12":1,"13":1,"14":1,"15":1,"16":2,"17":7,"18":1,"19":1,"20":1,"21":0,"22":7},"f":{"0":7,"1":3,"2":3,"3":2,"4":1},"b":{"0":[1,2],"1":[1,1]},"_coverageSchema":"332fd63041d2c1bcb487cc26dd0d5f7d97098a6c","hash":"7d255080518f2ffeb6e5baa201880b131af90a91"}
,"C:\\Users\\Leonardo\\Desktop\\Udemy\\projetos\\Javascript\\Api-Rest-TDD\\src\\routes\\balance.js": {"path":"C:\\Users\\Leonardo\\Desktop\\Udemy\\projetos\\Javascript\\Api-Rest-TDD\\src\\routes\\balance.js","statementMap":{"0":{"start":{"line":1,"column":16},"end":{"line":1,"column":34}},"1":{"start":{"line":3,"column":0},"end":{"line":13,"column":2}},"2":{"start":{"line":4,"column":17},"end":{"line":4,"column":33}},"3":{"start":{"line":6,"column":2},"end":{"line":10,"column":5}},"4":{"start":{"line":7,"column":4},"end":{"line":9,"column":32}},"5":{"start":{"line":8,"column":24},"end":{"line":8,"column":52}},"6":{"start":{"line":9,"column":21},"end":{"line":9,"column":30}},"7":{"start":{"line":12,"column":2},"end":{"line":12,"column":16}}},"fnMap":{"0":{"name":"(anonymous_0)","decl":{"start":{"line":3,"column":17},"end":{"line":3,"column":18}},"loc":{"start":{"line":3,"column":26},"end":{"line":13,"column":1}},"line":3},"1":{"name":"(anonymous_1)","decl":{"start":{"line":6,"column":18},"end":{"line":6,"column":19}},"loc":{"start":{"line":6,"column":38},"end":{"line":10,"column":3}},"line":6},"2":{"name":"(anonymous_2)","decl":{"start":{"line":8,"column":12},"end":{"line":8,"column":13}},"loc":{"start":{"line":8,"column":24},"end":{"line":8,"column":52}},"line":8},"3":{"name":"(anonymous_3)","decl":{"start":{"line":9,"column":12},"end":{"line":9,"column":13}},"loc":{"start":{"line":9,"column":21},"end":{"line":9,"column":30}},"line":9}},"branchMap":{},"s":{"0":7,"1":7,"2":7,"3":7,"4":10,"5":10,"6":10,"7":7},"f":{"0":7,"1":10,"2":10,"3":10},"b":{},"_coverageSchema":"332fd63041d2c1bcb487cc26dd0d5f7d97098a6c","hash":"8a4270dd2901621863f25bf019872cd5b7af3d9d"}
,"C:\\Users\\Leonardo\\Desktop\\Udemy\\projetos\\Javascript\\Api-Rest-TDD\\src\\routes\\transactions.js": {"path":"C:\\Users\\Leonardo\\Desktop\\Udemy\\projetos\\Javascript\\Api-Rest-TDD\\src\\routes\\transactions.js","statementMap":{"0":{"start":{"line":1,"column":16},"end":{"line":1,"column":34}},"1":{"start":{"line":2,"column":28},"end":{"line":2,"column":69}},"2":{"start":{"line":4,"column":0},"end":{"line":55,"column":2}},"3":{"start":{"line":5,"column":17},"end":{"line":5,"column":33}},"4":{"start":{"line":7,"column":2},"end":{"line":14,"column":5}},"5":{"start":{"line":8,"column":4},"end":{"line":13,"column":33}},"6":{"start":{"line":10,"column":8},"end":{"line":11,"column":45}},"7":{"start":{"line":10,"column":31},"end":{"line":10,"column":38}},"8":{"start":{"line":11,"column":13},"end":{"line":11,"column":45}},"9":{"start":{"line":13,"column":22},"end":{"line":13,"column":31}},"10":{"start":{"line":16,"column":2},"end":{"line":22,"column":5}},"11":{"start":{"line":17,"column":4},"end":{"line":21,"column":32}},"12":{"start":{"line":19,"column":8},"end":{"line":19,"column":37}},"13":{"start":{"line":21,"column":21},"end":{"line":21,"column":30}},"14":{"start":{"line":24,"column":2},"end":{"line":30,"column":5}},"15":{"start":{"line":25,"column":4},"end":{"line":29,"column":33}},"16":{"start":{"line":27,"column":8},"end":{"line":27,"column":40}},"17":{"start":{"line":29,"column":22},"end":{"line":29,"column":31}},"18":{"start":{"line":32,"column":2},"end":{"line":38,"column":5}},"19":{"start":{"line":33,"column":4},"end":{"line":37,"column":33}},"20":{"start":{"line":35,"column":8},"end":{"line":35,"column":37}},"21":{"start":{"line":37,"column":22},"end":{"line":37,"column":31}},"22":{"start":{"line":40,"column":2},"end":{"line":46,"column":5}},"23":{"start":{"line":41,"column":4},"end":{"line":45,"column":33}},"24":{"start":{"line":43,"column":8},"end":{"line":43,"column":40}},"25":{"start":{"line":45,"column":22},"end":{"line":45,"column":31}},"26":{"start":{"line":48,"column":2},"end":{"line":52,"column":5}},"27":{"start":{"line":49,"column":4},"end":{"line":51,"column":33}},"28":{"start":{"line":50,"column":18},"end":{"line":50,"column":40}},"29":{"start":{"line":51,"column":22},"end":{"line":51,"column":31}},"30":{"start":{"line":54,"column":2},"end":{"line":54,"column":16}}},"fnMap":{"0":{"name":"(anonymous_0)","decl":{"start":{"line":4,"column":17},"end":{"line":4,"column":18}},"loc":{"start":{"line":4,"column":26},"end":{"line":55,"column":1}},"line":4},"1":{"name":"(anonymous_1)","decl":{"start":{"line":7,"column":21},"end":{"line":7,"column":22}},"loc":{"start":{"line":7,"column":41},"end":{"line":14,"column":3}},"line":7},"2":{"name":"(anonymous_2)","decl":{"start":{"line":9,"column":12},"end":{"line":9,"column":13}},"loc":{"start":{"line":9,"column":24},"end":{"line":12,"column":7}},"line":9},"3":{"name":"(anonymous_3)","decl":{"start":{"line":13,"column":13},"end":{"line":13,"column":14}},"loc":{"start":{"line":13,"column":22},"end":{"line":13,"column":31}},"line":13},"4":{"name":"(anonymous_4)","decl":{"start":{"line":16,"column":18},"end":{"line":16,"column":19}},"loc":{"start":{"line":16,"column":38},"end":{"line":22,"column":3}},"line":16},"5":{"name":"(anonymous_5)","decl":{"start":{"line":18,"column":12},"end":{"line":18,"column":13}},"loc":{"start":{"line":18,"column":24},"end":{"line":20,"column":7}},"line":18},"6":{"name":"(anonymous_6)","decl":{"start":{"line":21,"column":12},"end":{"line":21,"column":13}},"loc":{"start":{"line":21,"column":21},"end":{"line":21,"column":30}},"line":21},"7":{"name":"(anonymous_7)","decl":{"start":{"line":24,"column":19},"end":{"line":24,"column":20}},"loc":{"start":{"line":24,"column":39},"end":{"line":30,"column":3}},"line":24},"8":{"name":"(anonymous_8)","decl":{"start":{"line":26,"column":12},"end":{"line":26,"column":13}},"loc":{"start":{"line":26,"column":24},"end":{"line":28,"column":7}},"line":26},"9":{"name":"(anonymous_9)","decl":{"start":{"line":29,"column":13},"end":{"line":29,"column":14}},"loc":{"start":{"line":29,"column":22},"end":{"line":29,"column":31}},"line":29},"10":{"name":"(anonymous_10)","decl":{"start":{"line":32,"column":21},"end":{"line":32,"column":22}},"loc":{"start":{"line":32,"column":41},"end":{"line":38,"column":3}},"line":32},"11":{"name":"(anonymous_11)","decl":{"start":{"line":34,"column":12},"end":{"line":34,"column":13}},"loc":{"start":{"line":34,"column":24},"end":{"line":36,"column":7}},"line":34},"12":{"name":"(anonymous_12)","decl":{"start":{"line":37,"column":13},"end":{"line":37,"column":14}},"loc":{"start":{"line":37,"column":22},"end":{"line":37,"column":31}},"line":37},"13":{"name":"(anonymous_13)","decl":{"start":{"line":40,"column":21},"end":{"line":40,"column":22}},"loc":{"start":{"line":40,"column":41},"end":{"line":46,"column":3}},"line":40},"14":{"name":"(anonymous_14)","decl":{"start":{"line":42,"column":12},"end":{"line":42,"column":13}},"loc":{"start":{"line":42,"column":24},"end":{"line":44,"column":7}},"line":42},"15":{"name":"(anonymous_15)","decl":{"start":{"line":45,"column":13},"end":{"line":45,"column":14}},"loc":{"start":{"line":45,"column":22},"end":{"line":45,"column":31}},"line":45},"16":{"name":"(anonymous_16)","decl":{"start":{"line":48,"column":24},"end":{"line":48,"column":25}},"loc":{"start":{"line":48,"column":44},"end":{"line":52,"column":3}},"line":48},"17":{"name":"(anonymous_17)","decl":{"start":{"line":50,"column":12},"end":{"line":50,"column":13}},"loc":{"start":{"line":50,"column":18},"end":{"line":50,"column":40}},"line":50},"18":{"name":"(anonymous_18)","decl":{"start":{"line":51,"column":13},"end":{"line":51,"column":14}},"loc":{"start":{"line":51,"column":22},"end":{"line":51,"column":31}},"line":51}},"branchMap":{"0":{"loc":{"start":{"line":10,"column":8},"end":{"line":11,"column":45}},"type":"if","locations":[{"start":{"line":10,"column":8},"end":{"line":11,"column":45}},{"start":{"line":10,"column":8},"end":{"line":11,"column":45}}],"line":10}},"s":{"0":7,"1":7,"2":7,"3":7,"4":7,"5":4,"6":4,"7":3,"8":1,"9":1,"10":7,"11":1,"12":1,"13":1,"14":7,"15":16,"16":10,"17":0,"18":7,"19":1,"20":1,"21":0,"22":7,"23":1,"24":1,"25":0,"26":7,"27":1,"28":1,"29":0,"30":7},"f":{"0":7,"1":4,"2":4,"3":1,"4":1,"5":1,"6":1,"7":16,"8":10,"9":0,"10":1,"11":1,"12":0,"13":1,"14":1,"15":0,"16":1,"17":1,"18":0},"b":{"0":[3,1]},"_coverageSchema":"332fd63041d2c1bcb487cc26dd0d5f7d97098a6c","hash":"862bae04bac004513fe0726baeadf029d1f3b168"}
,"C:\\Users\\Leonardo\\Desktop\\Udemy\\projetos\\Javascript\\Api-Rest-TDD\\src\\routes\\transfers.js": {"path":"C:\\Users\\Leonardo\\Desktop\\Udemy\\projetos\\Javascript\\Api-Rest-TDD\\src\\routes\\transfers.js","statementMap":{"0":{"start":{"line":1,"column":16},"end":{"line":1,"column":34}},"1":{"start":{"line":2,"column":29},"end":{"line":2,"column":70}},"2":{"start":{"line":4,"column":0},"end":{"line":56,"column":2}},"3":{"start":{"line":5,"column":17},"end":{"line":5,"column":33}},"4":{"start":{"line":7,"column":2},"end":{"line":16,"column":5}},"5":{"start":{"line":8,"column":4},"end":{"line":15,"column":33}},"6":{"start":{"line":10,"column":8},"end":{"line":12,"column":9}},"7":{"start":{"line":11,"column":10},"end":{"line":11,"column":43}},"8":{"start":{"line":13,"column":8},"end":{"line":13,"column":15}},"9":{"start":{"line":15,"column":22},"end":{"line":15,"column":31}},"10":{"start":{"line":18,"column":19},"end":{"line":22,"column":3}},"11":{"start":{"line":19,"column":4},"end":{"line":21,"column":33}},"12":{"start":{"line":20,"column":18},"end":{"line":20,"column":24}},"13":{"start":{"line":21,"column":22},"end":{"line":21,"column":31}},"14":{"start":{"line":24,"column":2},"end":{"line":28,"column":5}},"15":{"start":{"line":25,"column":4},"end":{"line":27,"column":33}},"16":{"start":{"line":26,"column":24},"end":{"line":26,"column":52}},"17":{"start":{"line":27,"column":22},"end":{"line":27,"column":31}},"18":{"start":{"line":30,"column":2},"end":{"line":35,"column":5}},"19":{"start":{"line":31,"column":21},"end":{"line":31,"column":58}},"20":{"start":{"line":32,"column":4},"end":{"line":34,"column":33}},"21":{"start":{"line":33,"column":24},"end":{"line":33,"column":55}},"22":{"start":{"line":34,"column":22},"end":{"line":34,"column":31}},"23":{"start":{"line":37,"column":2},"end":{"line":41,"column":5}},"24":{"start":{"line":38,"column":4},"end":{"line":40,"column":33}},"25":{"start":{"line":39,"column":24},"end":{"line":39,"column":52}},"26":{"start":{"line":40,"column":22},"end":{"line":40,"column":31}},"27":{"start":{"line":43,"column":2},"end":{"line":47,"column":5}},"28":{"start":{"line":44,"column":4},"end":{"line":46,"column":33}},"29":{"start":{"line":45,"column":24},"end":{"line":45,"column":55}},"30":{"start":{"line":46,"column":22},"end":{"line":46,"column":31}},"31":{"start":{"line":49,"column":2},"end":{"line":53,"column":5}},"32":{"start":{"line":50,"column":4},"end":{"line":52,"column":33}},"33":{"start":{"line":51,"column":18},"end":{"line":51,"column":40}},"34":{"start":{"line":52,"column":22},"end":{"line":52,"column":31}},"35":{"start":{"line":55,"column":2},"end":{"line":55,"column":16}}},"fnMap":{"0":{"name":"(anonymous_0)","decl":{"start":{"line":4,"column":17},"end":{"line":4,"column":18}},"loc":{"start":{"line":4,"column":26},"end":{"line":56,"column":1}},"line":4},"1":{"name":"(anonymous_1)","decl":{"start":{"line":7,"column":21},"end":{"line":7,"column":22}},"loc":{"start":{"line":7,"column":41},"end":{"line":16,"column":3}},"line":7},"2":{"name":"(anonymous_2)","decl":{"start":{"line":9,"column":12},"end":{"line":9,"column":13}},"loc":{"start":{"line":9,"column":24},"end":{"line":14,"column":7}},"line":9},"3":{"name":"(anonymous_3)","decl":{"start":{"line":15,"column":13},"end":{"line":15,"column":14}},"loc":{"start":{"line":15,"column":22},"end":{"line":15,"column":31}},"line":15},"4":{"name":"(anonymous_4)","decl":{"start":{"line":18,"column":19},"end":{"line":18,"column":20}},"loc":{"start":{"line":18,"column":39},"end":{"line":22,"column":3}},"line":18},"5":{"name":"(anonymous_5)","decl":{"start":{"line":20,"column":12},"end":{"line":20,"column":13}},"loc":{"start":{"line":20,"column":18},"end":{"line":20,"column":24}},"line":20},"6":{"name":"(anonymous_6)","decl":{"start":{"line":21,"column":13},"end":{"line":21,"column":14}},"loc":{"start":{"line":21,"column":22},"end":{"line":21,"column":31}},"line":21},"7":{"name":"(anonymous_7)","decl":{"start":{"line":24,"column":18},"end":{"line":24,"column":19}},"loc":{"start":{"line":24,"column":38},"end":{"line":28,"column":3}},"line":24},"8":{"name":"(anonymous_8)","decl":{"start":{"line":26,"column":12},"end":{"line":26,"column":13}},"loc":{"start":{"line":26,"column":24},"end":{"line":26,"column":52}},"line":26},"9":{"name":"(anonymous_9)","decl":{"start":{"line":27,"column":13},"end":{"line":27,"column":14}},"loc":{"start":{"line":27,"column":22},"end":{"line":27,"column":31}},"line":27},"10":{"name":"(anonymous_10)","decl":{"start":{"line":30,"column":29},"end":{"line":30,"column":30}},"loc":{"start":{"line":30,"column":49},"end":{"line":35,"column":3}},"line":30},"11":{"name":"(anonymous_11)","decl":{"start":{"line":33,"column":12},"end":{"line":33,"column":13}},"loc":{"start":{"line":33,"column":24},"end":{"line":33,"column":55}},"line":33},"12":{"name":"(anonymous_12)","decl":{"start":{"line":34,"column":13},"end":{"line":34,"column":14}},"loc":{"start":{"line":34,"column":22},"end":{"line":34,"column":31}},"line":34},"13":{"name":"(anonymous_13)","decl":{"start":{"line":37,"column":21},"end":{"line":37,"column":22}},"loc":{"start":{"line":37,"column":41},"end":{"line":41,"column":3}},"line":37},"14":{"name":"(anonymous_14)","decl":{"start":{"line":39,"column":12},"end":{"line":39,"column":13}},"loc":{"start":{"line":39,"column":24},"end":{"line":39,"column":52}},"line":39},"15":{"name":"(anonymous_15)","decl":{"start":{"line":40,"column":13},"end":{"line":40,"column":14}},"loc":{"start":{"line":40,"column":22},"end":{"line":40,"column":31}},"line":40},"16":{"name":"(anonymous_16)","decl":{"start":{"line":43,"column":31},"end":{"line":43,"column":32}},"loc":{"start":{"line":43,"column":51},"end":{"line":47,"column":3}},"line":43},"17":{"name":"(anonymous_17)","decl":{"start":{"line":45,"column":12},"end":{"line":45,"column":13}},"loc":{"start":{"line":45,"column":24},"end":{"line":45,"column":55}},"line":45},"18":{"name":"(anonymous_18)","decl":{"start":{"line":46,"column":13},"end":{"line":46,"column":14}},"loc":{"start":{"line":46,"column":22},"end":{"line":46,"column":31}},"line":46},"19":{"name":"(anonymous_19)","decl":{"start":{"line":49,"column":24},"end":{"line":49,"column":25}},"loc":{"start":{"line":49,"column":44},"end":{"line":53,"column":3}},"line":49},"20":{"name":"(anonymous_20)","decl":{"start":{"line":51,"column":12},"end":{"line":51,"column":13}},"loc":{"start":{"line":51,"column":18},"end":{"line":51,"column":40}},"line":51},"21":{"name":"(anonymous_21)","decl":{"start":{"line":52,"column":13},"end":{"line":52,"column":14}},"loc":{"start":{"line":52,"column":22},"end":{"line":52,"column":31}},"line":52}},"branchMap":{"0":{"loc":{"start":{"line":10,"column":8},"end":{"line":12,"column":9}},"type":"if","locations":[{"start":{"line":10,"column":8},"end":{"line":12,"column":9}},{"start":{"line":10,"column":8},"end":{"line":12,"column":9}}],"line":10}},"s":{"0":7,"1":7,"2":7,"3":7,"4":7,"5":11,"6":11,"7":1,"8":10,"9":1,"10":7,"11":18,"12":4,"13":14,"14":7,"15":1,"16":1,"17":0,"18":7,"19":3,"20":3,"21":3,"22":0,"23":7,"24":1,"25":1,"26":0,"27":7,"28":1,"29":1,"30":0,"31":7,"32":1,"33":1,"34":0,"35":7},"f":{"0":7,"1":11,"2":11,"3":1,"4":18,"5":4,"6":14,"7":1,"8":1,"9":0,"10":3,"11":3,"12":0,"13":1,"14":1,"15":0,"16":1,"17":1,"18":0,"19":1,"20":1,"21":0},"b":{"0":[1,10]},"_coverageSchema":"332fd63041d2c1bcb487cc26dd0d5f7d97098a6c","hash":"37f8bc8048655e0b4858a7c91889b807d76aac95"}
,"C:\\Users\\Leonardo\\Desktop\\Udemy\\projetos\\Javascript\\Api-Rest-TDD\\src\\routes\\users.js": {"path":"C:\\Users\\Leonardo\\Desktop\\Udemy\\projetos\\Javascript\\Api-Rest-TDD\\src\\routes\\users.js","statementMap":{"0":{"start":{"line":1,"column":16},"end":{"line":1,"column":34}},"1":{"start":{"line":3,"column":0},"end":{"line":22,"column":2}},"2":{"start":{"line":4,"column":17},"end":{"line":4,"column":33}},"3":{"start":{"line":6,"column":2},"end":{"line":10,"column":5}},"4":{"start":{"line":7,"column":4},"end":{"line":9,"column":33}},"5":{"start":{"line":8,"column":24},"end":{"line":8,"column":52}},"6":{"start":{"line":9,"column":22},"end":{"line":9,"column":31}},"7":{"start":{"line":12,"column":2},"end":{"line":19,"column":5}},"8":{"start":{"line":13,"column":4},"end":{"line":18,"column":5}},"9":{"start":{"line":14,"column":21},"end":{"line":14,"column":59}},"10":{"start":{"line":15,"column":6},"end":{"line":15,"column":45}},"11":{"start":{"line":17,"column":6},"end":{"line":17,"column":23}},"12":{"start":{"line":21,"column":2},"end":{"line":21,"column":16}}},"fnMap":{"0":{"name":"(anonymous_0)","decl":{"start":{"line":3,"column":17},"end":{"line":3,"column":18}},"loc":{"start":{"line":3,"column":26},"end":{"line":22,"column":1}},"line":3},"1":{"name":"(anonymous_1)","decl":{"start":{"line":6,"column":18},"end":{"line":6,"column":19}},"loc":{"start":{"line":6,"column":38},"end":{"line":10,"column":3}},"line":6},"2":{"name":"(anonymous_2)","decl":{"start":{"line":8,"column":12},"end":{"line":8,"column":13}},"loc":{"start":{"line":8,"column":24},"end":{"line":8,"column":52}},"line":8},"3":{"name":"(anonymous_3)","decl":{"start":{"line":9,"column":13},"end":{"line":9,"column":14}},"loc":{"start":{"line":9,"column":22},"end":{"line":9,"column":31}},"line":9},"4":{"name":"(anonymous_4)","decl":{"start":{"line":12,"column":19},"end":{"line":12,"column":20}},"loc":{"start":{"line":12,"column":45},"end":{"line":19,"column":3}},"line":12}},"branchMap":{},"s":{"0":7,"1":7,"2":7,"3":7,"4":1,"5":1,"6":0,"7":7,"8":6,"9":6,"10":2,"11":4,"12":7},"f":{"0":7,"1":1,"2":1,"3":0,"4":6},"b":{},"_coverageSchema":"332fd63041d2c1bcb487cc26dd0d5f7d97098a6c","hash":"8f97c49311a79e0608e81f025f669a939142a3f6"}
,"C:\\Users\\Leonardo\\Desktop\\Udemy\\projetos\\Javascript\\Api-Rest-TDD\\src\\seeds\\01_transfer.js": {"path":"C:\\Users\\Leonardo\\Desktop\\Udemy\\projetos\\Javascript\\Api-Rest-TDD\\src\\seeds\\01_transfer.js","statementMap":{"0":{"start":{"line":2,"column":0},"end":{"line":43,"column":2}},"1":{"start":{"line":3,"column":2},"end":{"line":42,"column":8}},"2":{"start":{"line":4,"column":16},"end":{"line":4,"column":39}},"3":{"start":{"line":5,"column":16},"end":{"line":5,"column":38}},"4":{"start":{"line":6,"column":16},"end":{"line":6,"column":35}},"5":{"start":{"line":7,"column":16},"end":{"line":14,"column":6}},"6":{"start":{"line":15,"column":16},"end":{"line":20,"column":6}},"7":{"start":{"line":21,"column":16},"end":{"line":28,"column":6}},"8":{"start":{"line":29,"column":16},"end":{"line":42,"column":6}}},"fnMap":{"0":{"name":"(anonymous_0)","decl":{"start":{"line":2,"column":15},"end":{"line":2,"column":16}},"loc":{"start":{"line":2,"column":25},"end":{"line":43,"column":1}},"line":2},"1":{"name":"(anonymous_1)","decl":{"start":{"line":4,"column":10},"end":{"line":4,"column":11}},"loc":{"start":{"line":4,"column":16},"end":{"line":4,"column":39}},"line":4},"2":{"name":"(anonymous_2)","decl":{"start":{"line":5,"column":10},"end":{"line":5,"column":11}},"loc":{"start":{"line":5,"column":16},"end":{"line":5,"column":38}},"line":5},"3":{"name":"(anonymous_3)","decl":{"start":{"line":6,"column":10},"end":{"line":6,"column":11}},"loc":{"start":{"line":6,"column":16},"end":{"line":6,"column":35}},"line":6},"4":{"name":"(anonymous_4)","decl":{"start":{"line":7,"column":10},"end":{"line":7,"column":11}},"loc":{"start":{"line":7,"column":16},"end":{"line":14,"column":6}},"line":7},"5":{"name":"(anonymous_5)","decl":{"start":{"line":15,"column":10},"end":{"line":15,"column":11}},"loc":{"start":{"line":15,"column":16},"end":{"line":20,"column":6}},"line":15},"6":{"name":"(anonymous_6)","decl":{"start":{"line":21,"column":10},"end":{"line":21,"column":11}},"loc":{"start":{"line":21,"column":16},"end":{"line":28,"column":6}},"line":21},"7":{"name":"(anonymous_7)","decl":{"start":{"line":29,"column":10},"end":{"line":29,"column":11}},"loc":{"start":{"line":29,"column":16},"end":{"line":42,"column":6}},"line":29}},"branchMap":{},"s":{"0":2,"1":2,"2":2,"3":2,"4":2,"5":2,"6":2,"7":2,"8":2},"f":{"0":2,"1":2,"2":2,"3":2,"4":2,"5":2,"6":2,"7":2},"b":{},"_coverageSchema":"332fd63041d2c1bcb487cc26dd0d5f7d97098a6c","hash":"9bac761b1ba0da76201a21070d5d2b00b2a0b1ac"}
,"C:\\Users\\Leonardo\\Desktop\\Udemy\\projetos\\Javascript\\Api-Rest-TDD\\src\\seeds\\02_balance.js": {"path":"C:\\Users\\Leonardo\\Desktop\\Udemy\\projetos\\Javascript\\Api-Rest-TDD\\src\\seeds\\02_balance.js","statementMap":{"0":{"start":{"line":2,"column":15},"end":{"line":2,"column":32}},"1":{"start":{"line":4,"column":0},"end":{"line":77,"column":2}},"2":{"start":{"line":5,"column":2},"end":{"line":76,"column":8}},"3":{"start":{"line":17,"column":16},"end":{"line":24,"column":6}},"4":{"start":{"line":25,"column":16},"end":{"line":32,"column":6}},"5":{"start":{"line":33,"column":16},"end":{"line":76,"column":6}}},"fnMap":{"0":{"name":"(anonymous_0)","decl":{"start":{"line":4,"column":15},"end":{"line":4,"column":16}},"loc":{"start":{"line":4,"column":25},"end":{"line":77,"column":1}},"line":4},"1":{"name":"(anonymous_1)","decl":{"start":{"line":17,"column":10},"end":{"line":17,"column":11}},"loc":{"start":{"line":17,"column":16},"end":{"line":24,"column":6}},"line":17},"2":{"name":"(anonymous_2)","decl":{"start":{"line":25,"column":10},"end":{"line":25,"column":11}},"loc":{"start":{"line":25,"column":16},"end":{"line":32,"column":6}},"line":25},"3":{"name":"(anonymous_3)","decl":{"start":{"line":33,"column":10},"end":{"line":33,"column":11}},"loc":{"start":{"line":33,"column":16},"end":{"line":76,"column":6}},"line":33}},"branchMap":{},"s":{"0":2,"1":2,"2":2,"3":2,"4":2,"5":2},"f":{"0":2,"1":2,"2":2,"3":2},"b":{},"_coverageSchema":"332fd63041d2c1bcb487cc26dd0d5f7d97098a6c","hash":"3b096b50b732c7a2f549615321ea3e48ad0f4dea"}
,"C:\\Users\\Leonardo\\Desktop\\Udemy\\projetos\\Javascript\\Api-Rest-TDD\\src\\services\\account.js": {"path":"C:\\Users\\Leonardo\\Desktop\\Udemy\\projetos\\Javascript\\Api-Rest-TDD\\src\\services\\account.js","statementMap":{"0":{"start":{"line":1,"column":24},"end":{"line":1,"column":60}},"1":{"start":{"line":3,"column":0},"end":{"line":40,"column":2}},"2":{"start":{"line":4,"column":18},"end":{"line":6,"column":3}},"3":{"start":{"line":5,"column":4},"end":{"line":5,"column":57}},"4":{"start":{"line":8,"column":15},"end":{"line":10,"column":3}},"5":{"start":{"line":9,"column":4},"end":{"line":9,"column":52}},"6":{"start":{"line":12,"column":15},"end":{"line":19,"column":3}},"7":{"start":{"line":13,"column":4},"end":{"line":13,"column":83}},"8":{"start":{"line":13,"column":23},"end":{"line":13,"column":83}},"9":{"start":{"line":15,"column":18},"end":{"line":15,"column":78}},"10":{"start":{"line":16,"column":4},"end":{"line":16,"column":78}},"11":{"start":{"line":16,"column":15},"end":{"line":16,"column":78}},"12":{"start":{"line":18,"column":4},"end":{"line":18,"column":51}},"13":{"start":{"line":21,"column":17},"end":{"line":25,"column":3}},"14":{"start":{"line":22,"column":4},"end":{"line":24,"column":28}},"15":{"start":{"line":27,"column":17},"end":{"line":35,"column":3}},"16":{"start":{"line":28,"column":25},"end":{"line":28,"column":79}},"17":{"start":{"line":30,"column":4},"end":{"line":30,"column":91}},"18":{"start":{"line":30,"column":22},"end":{"line":30,"column":91}},"19":{"start":{"line":32,"column":4},"end":{"line":34,"column":13}},"20":{"start":{"line":37,"column":2},"end":{"line":39,"column":4}}},"fnMap":{"0":{"name":"(anonymous_0)","decl":{"start":{"line":3,"column":17},"end":{"line":3,"column":18}},"loc":{"start":{"line":3,"column":26},"end":{"line":40,"column":1}},"line":3},"1":{"name":"(anonymous_1)","decl":{"start":{"line":4,"column":18},"end":{"line":4,"column":19}},"loc":{"start":{"line":4,"column":30},"end":{"line":6,"column":3}},"line":4},"2":{"name":"(anonymous_2)","decl":{"start":{"line":8,"column":15},"end":{"line":8,"column":16}},"loc":{"start":{"line":8,"column":32},"end":{"line":10,"column":3}},"line":8},"3":{"name":"(anonymous_3)","decl":{"start":{"line":12,"column":15},"end":{"line":12,"column":16}},"loc":{"start":{"line":12,"column":34},"end":{"line":19,"column":3}},"line":12},"4":{"name":"(anonymous_4)","decl":{"start":{"line":21,"column":17},"end":{"line":21,"column":18}},"loc":{"start":{"line":21,"column":34},"end":{"line":25,"column":3}},"line":21},"5":{"name":"(anonymous_5)","decl":{"start":{"line":27,"column":17},"end":{"line":27,"column":18}},"loc":{"start":{"line":27,"column":31},"end":{"line":35,"column":3}},"line":27}},"branchMap":{"0":{"loc":{"start":{"line":8,"column":16},"end":{"line":8,"column":27}},"type":"default-arg","locations":[{"start":{"line":8,"column":25},"end":{"line":8,"column":27}}],"line":8},"1":{"loc":{"start":{"line":13,"column":4},"end":{"line":13,"column":83}},"type":"if","locations":[{"start":{"line":13,"column":4},"end":{"line":13,"column":83}},{"start":{"line":13,"column":4},"end":{"line":13,"column":83}}],"line":13},"2":{"loc":{"start":{"line":16,"column":4},"end":{"line":16,"column":78}},"type":"if","locations":[{"start":{"line":16,"column":4},"end":{"line":16,"column":78}},{"start":{"line":16,"column":4},"end":{"line":16,"column":78}}],"line":16},"3":{"loc":{"start":{"line":30,"column":4},"end":{"line":30,"column":91}},"type":"if","locations":[{"start":{"line":30,"column":4},"end":{"line":30,"column":91}},{"start":{"line":30,"column":4},"end":{"line":30,"column":91}}],"line":30}},"s":{"0":7,"1":7,"2":7,"3":1,"4":7,"5":10,"6":7,"7":3,"8":1,"9":2,"10":2,"11":1,"12":1,"13":7,"14":1,"15":7,"16":2,"17":2,"18":1,"19":1,"20":7},"f":{"0":7,"1":1,"2":10,"3":3,"4":1,"5":2},"b":{"0":[0],"1":[1,2],"2":[1,1],"3":[1,1]},"_coverageSchema":"332fd63041d2c1bcb487cc26dd0d5f7d97098a6c","hash":"748d37ae1aeca9e77966f34849466dcb071547a3"}
,"C:\\Users\\Leonardo\\Desktop\\Udemy\\projetos\\Javascript\\Api-Rest-TDD\\src\\services\\balance.js": {"path":"C:\\Users\\Leonardo\\Desktop\\Udemy\\projetos\\Javascript\\Api-Rest-TDD\\src\\services\\balance.js","statementMap":{"0":{"start":{"line":1,"column":0},"end":{"line":13,"column":2}},"1":{"start":{"line":2,"column":19},"end":{"line":10,"column":3}},"2":{"start":{"line":3,"column":4},"end":{"line":9,"column":25}},"3":{"start":{"line":12,"column":2},"end":{"line":12,"column":22}}},"fnMap":{"0":{"name":"(anonymous_0)","decl":{"start":{"line":1,"column":17},"end":{"line":1,"column":18}},"loc":{"start":{"line":1,"column":26},"end":{"line":13,"column":1}},"line":1},"1":{"name":"(anonymous_1)","decl":{"start":{"line":2,"column":19},"end":{"line":2,"column":20}},"loc":{"start":{"line":2,"column":31},"end":{"line":10,"column":3}},"line":2}},"branchMap":{},"s":{"0":7,"1":7,"2":10,"3":7},"f":{"0":7,"1":10},"b":{},"_coverageSchema":"332fd63041d2c1bcb487cc26dd0d5f7d97098a6c","hash":"23e78f404d02b298941b76b52f3e0ad51786dc6c"}
,"C:\\Users\\Leonardo\\Desktop\\Udemy\\projetos\\Javascript\\Api-Rest-TDD\\src\\services\\transaction.js": {"path":"C:\\Users\\Leonardo\\Desktop\\Udemy\\projetos\\Javascript\\Api-Rest-TDD\\src\\services\\transaction.js","statementMap":{"0":{"start":{"line":1,"column":24},"end":{"line":1,"column":60}},"1":{"start":{"line":3,"column":0},"end":{"line":57,"column":2}},"2":{"start":{"line":4,"column":15},"end":{"line":10,"column":3}},"3":{"start":{"line":5,"column":4},"end":{"line":9,"column":16}},"4":{"start":{"line":13,"column":18},"end":{"line":17,"column":3}},"5":{"start":{"line":14,"column":4},"end":{"line":16,"column":15}},"6":{"start":{"line":19,"column":15},"end":{"line":36,"column":3}},"7":{"start":{"line":20,"column":4},"end":{"line":20,"column":99}},"8":{"start":{"line":20,"column":34},"end":{"line":20,"column":99}},"9":{"start":{"line":21,"column":4},"end":{"line":21,"column":91}},"10":{"start":{"line":21,"column":30},"end":{"line":21,"column":91}},"11":{"start":{"line":22,"column":4},"end":{"line":22,"column":87}},"12":{"start":{"line":22,"column":27},"end":{"line":22,"column":87}},"13":{"start":{"line":23,"column":4},"end":{"line":23,"column":90}},"14":{"start":{"line":23,"column":29},"end":{"line":23,"column":90}},"15":{"start":{"line":24,"column":4},"end":{"line":24,"column":87}},"16":{"start":{"line":24,"column":27},"end":{"line":24,"column":87}},"17":{"start":{"line":25,"column":4},"end":{"line":25,"column":115}},"18":{"start":{"line":25,"column":62},"end":{"line":25,"column":115}},"19":{"start":{"line":27,"column":27},"end":{"line":27,"column":45}},"20":{"start":{"line":29,"column":4},"end":{"line":32,"column":5}},"21":{"start":{"line":31,"column":6},"end":{"line":31,"column":35}},"22":{"start":{"line":34,"column":4},"end":{"line":35,"column":35}},"23":{"start":{"line":38,"column":17},"end":{"line":42,"column":3}},"24":{"start":{"line":39,"column":4},"end":{"line":41,"column":32}},"25":{"start":{"line":44,"column":17},"end":{"line":48,"column":3}},"26":{"start":{"line":45,"column":4},"end":{"line":47,"column":13}},"27":{"start":{"line":50,"column":2},"end":{"line":56,"column":4}}},"fnMap":{"0":{"name":"(anonymous_0)","decl":{"start":{"line":3,"column":17},"end":{"line":3,"column":18}},"loc":{"start":{"line":3,"column":26},"end":{"line":57,"column":1}},"line":3},"1":{"name":"(anonymous_1)","decl":{"start":{"line":4,"column":15},"end":{"line":4,"column":16}},"loc":{"start":{"line":4,"column":40},"end":{"line":10,"column":3}},"line":4},"2":{"name":"(anonymous_2)","decl":{"start":{"line":13,"column":18},"end":{"line":13,"column":19}},"loc":{"start":{"line":13,"column":30},"end":{"line":17,"column":3}},"line":13},"3":{"name":"(anonymous_3)","decl":{"start":{"line":19,"column":15},"end":{"line":19,"column":16}},"loc":{"start":{"line":19,"column":32},"end":{"line":36,"column":3}},"line":19},"4":{"name":"(anonymous_4)","decl":{"start":{"line":38,"column":17},"end":{"line":38,"column":18}},"loc":{"start":{"line":38,"column":38},"end":{"line":42,"column":3}},"line":38},"5":{"name":"(anonymous_5)","decl":{"start":{"line":44,"column":17},"end":{"line":44,"column":18}},"loc":{"start":{"line":44,"column":25},"end":{"line":48,"column":3}},"line":44}},"branchMap":{"0":{"loc":{"start":{"line":4,"column":24},"end":{"line":4,"column":35}},"type":"default-arg","locations":[{"start":{"line":4,"column":33},"end":{"line":4,"column":35}}],"line":4},"1":{"loc":{"start":{"line":20,"column":4},"end":{"line":20,"column":99}},"type":"if","locations":[{"start":{"line":20,"column":4},"end":{"line":20,"column":99}},{"start":{"line":20,"column":4},"end":{"line":20,"column":99}}],"line":20},"2":{"loc":{"start":{"line":21,"column":4},"end":{"line":21,"column":91}},"type":"if","locations":[{"start":{"line":21,"column":4},"end":{"line":21,"column":91}},{"start":{"line":21,"column":4},"end":{"line":21,"column":91}}],"line":21},"3":{"loc":{"start":{"line":22,"column":4},"end":{"line":22,"column":87}},"type":"if","locations":[{"start":{"line":22,"column":4},"end":{"line":22,"column":87}},{"start":{"line":22,"column":4},"end":{"line":22,"column":87}}],"line":22},"4":{"loc":{"start":{"line":23,"column":4},"end":{"line":23,"column":90}},"type":"if","locations":[{"start":{"line":23,"column":4},"end":{"line":23,"column":90}},{"start":{"line":23,"column":4},"end":{"line":23,"column":90}}],"line":23},"5":{"loc":{"start":{"line":24,"column":4},"end":{"line":24,"column":87}},"type":"if","locations":[{"start":{"line":24,"column":4},"end":{"line":24,"column":87}},{"start":{"line":24,"column":4},"end":{"line":24,"column":87}}],"line":24},"6":{"loc":{"start":{"line":25,"column":4},"end":{"line":25,"column":115}},"type":"if","locations":[{"start":{"line":25,"column":4},"end":{"line":25,"column":115}},{"start":{"line":25,"column":4},"end":{"line":25,"column":115}}],"line":25},"7":{"loc":{"start":{"line":25,"column":8},"end":{"line":25,"column":60}},"type":"binary-expr","locations":[{"start":{"line":25,"column":8},"end":{"line":25,"column":32}},{"start":{"line":25,"column":36},"end":{"line":25,"column":60}}],"line":25},"8":{"loc":{"start":{"line":29,"column":4},"end":{"line":32,"column":5}},"type":"if","locations":[{"start":{"line":29,"column":4},"end":{"line":32,"column":5}},{"start":{"line":29,"column":4},"end":{"line":32,"column":5}}],"line":29},"9":{"loc":{"start":{"line":29,"column":8},"end":{"line":30,"column":62}},"type":"binary-expr","locations":[{"start":{"line":29,"column":9},"end":{"line":29,"column":33}},{"start":{"line":29,"column":37},"end":{"line":29,"column":60}},{"start":{"line":30,"column":10},"end":{"line":30,"column":34}},{"start":{"line":30,"column":38},"end":{"line":30,"column":61}}],"line":29}},"s":{"0":7,"1":7,"2":7,"3":5,"4":7,"5":3,"6":7,"7":16,"8":1,"9":15,"10":1,"11":14,"12":1,"13":13,"14":1,"15":12,"16":1,"17":11,"18":1,"19":10,"20":10,"21":4,"22":10,"23":7,"24":1,"25":7,"26":1,"27":7},"f":{"0":7,"1":5,"2":3,"3":16,"4":1,"5":1},"b":{"0":[1],"1":[1,15],"2":[1,14],"3":[1,13],"4":[1,12],"5":[1,11],"6":[1,10],"7":[11,4],"8":[4,6],"9":[10,7,9,3]},"_coverageSchema":"332fd63041d2c1bcb487cc26dd0d5f7d97098a6c","hash":"3c3f4da8dcc48390de94bbe6955983453b91e949"}
,"C:\\Users\\Leonardo\\Desktop\\Udemy\\projetos\\Javascript\\Api-Rest-TDD\\src\\services\\transfer.js": {"path":"C:\\Users\\Leonardo\\Desktop\\Udemy\\projetos\\Javascript\\Api-Rest-TDD\\src\\services\\transfer.js","statementMap":{"0":{"start":{"line":1,"column":24},"end":{"line":1,"column":60}},"1":{"start":{"line":3,"column":0},"end":{"line":81,"column":2}},"2":{"start":{"line":4,"column":15},"end":{"line":8,"column":3}},"3":{"start":{"line":5,"column":4},"end":{"line":7,"column":16}},"4":{"start":{"line":10,"column":18},"end":{"line":14,"column":3}},"5":{"start":{"line":11,"column":4},"end":{"line":13,"column":15}},"6":{"start":{"line":16,"column":19},"end":{"line":28,"column":3}},"7":{"start":{"line":17,"column":4},"end":{"line":17,"column":96}},"8":{"start":{"line":17,"column":31},"end":{"line":17,"column":96}},"9":{"start":{"line":18,"column":4},"end":{"line":18,"column":88}},"10":{"start":{"line":18,"column":27},"end":{"line":18,"column":88}},"11":{"start":{"line":19,"column":4},"end":{"line":19,"column":84}},"12":{"start":{"line":19,"column":24},"end":{"line":19,"column":84}},"13":{"start":{"line":20,"column":4},"end":{"line":20,"column":101}},"14":{"start":{"line":20,"column":30},"end":{"line":20,"column":101}},"15":{"start":{"line":21,"column":4},"end":{"line":21,"column":103}},"16":{"start":{"line":21,"column":31},"end":{"line":21,"column":103}},"17":{"start":{"line":22,"column":4},"end":{"line":22,"column":140}},"18":{"start":{"line":22,"column":54},"end":{"line":22,"column":140}},"19":{"start":{"line":24,"column":21},"end":{"line":24,"column":104}},"20":{"start":{"line":25,"column":4},"end":{"line":27,"column":7}},"21":{"start":{"line":26,"column":6},"end":{"line":26,"column":128}},"22":{"start":{"line":26,"column":58},"end":{"line":26,"column":128}},"23":{"start":{"line":30,"column":15},"end":{"line":47,"column":3}},"24":{"start":{"line":31,"column":19},"end":{"line":31,"column":66}},"25":{"start":{"line":33,"column":23},"end":{"line":33,"column":35}},"26":{"start":{"line":35,"column":25},"end":{"line":42,"column":5}},"27":{"start":{"line":44,"column":4},"end":{"line":44,"column":54}},"28":{"start":{"line":46,"column":4},"end":{"line":46,"column":18}},"29":{"start":{"line":49,"column":17},"end":{"line":65,"column":3}},"30":{"start":{"line":50,"column":19},"end":{"line":50,"column":80}},"31":{"start":{"line":52,"column":25},"end":{"line":59,"column":5}},"32":{"start":{"line":61,"column":4},"end":{"line":61,"column":66}},"33":{"start":{"line":62,"column":4},"end":{"line":62,"column":59}},"34":{"start":{"line":64,"column":4},"end":{"line":64,"column":18}},"35":{"start":{"line":67,"column":17},"end":{"line":71,"column":3}},"36":{"start":{"line":68,"column":4},"end":{"line":68,"column":66}},"37":{"start":{"line":70,"column":4},"end":{"line":70,"column":51}},"38":{"start":{"line":73,"column":2},"end":{"line":80,"column":4}}},"fnMap":{"0":{"name":"(anonymous_0)","decl":{"start":{"line":3,"column":17},"end":{"line":3,"column":18}},"loc":{"start":{"line":3,"column":26},"end":{"line":81,"column":1}},"line":3},"1":{"name":"(anonymous_1)","decl":{"start":{"line":4,"column":15},"end":{"line":4,"column":16}},"loc":{"start":{"line":4,"column":32},"end":{"line":8,"column":3}},"line":4},"2":{"name":"(anonymous_2)","decl":{"start":{"line":10,"column":18},"end":{"line":10,"column":19}},"loc":{"start":{"line":10,"column":41},"end":{"line":14,"column":3}},"line":10},"3":{"name":"(anonymous_3)","decl":{"start":{"line":16,"column":19},"end":{"line":16,"column":20}},"loc":{"start":{"line":16,"column":39},"end":{"line":28,"column":3}},"line":16},"4":{"name":"(anonymous_4)","decl":{"start":{"line":25,"column":21},"end":{"line":25,"column":22}},"loc":{"start":{"line":25,"column":30},"end":{"line":27,"column":5}},"line":25},"5":{"name":"(anonymous_5)","decl":{"start":{"line":30,"column":15},"end":{"line":30,"column":16}},"loc":{"start":{"line":30,"column":35},"end":{"line":47,"column":3}},"line":30},"6":{"name":"(anonymous_6)","decl":{"start":{"line":49,"column":17},"end":{"line":49,"column":18}},"loc":{"start":{"line":49,"column":41},"end":{"line":65,"column":3}},"line":49},"7":{"name":"(anonymous_7)","decl":{"start":{"line":67,"column":17},"end":{"line":67,"column":18}},"loc":{"start":{"line":67,"column":31},"end":{"line":71,"column":3}},"line":67}},"branchMap":{"0":{"loc":{"start":{"line":4,"column":16},"end":{"line":4,"column":27}},"type":"default-arg","locations":[{"start":{"line":4,"column":25},"end":{"line":4,"column":27}}],"line":4},"1":{"loc":{"start":{"line":10,"column":25},"end":{"line":10,"column":36}},"type":"default-arg","locations":[{"start":{"line":10,"column":34},"end":{"line":10,"column":36}}],"line":10},"2":{"loc":{"start":{"line":17,"column":4},"end":{"line":17,"column":96}},"type":"if","locations":[{"start":{"line":17,"column":4},"end":{"line":17,"column":96}},{"start":{"line":17,"column":4},"end":{"line":17,"column":96}}],"line":17},"3":{"loc":{"start":{"line":18,"column":4},"end":{"line":18,"column":88}},"type":"if","locations":[{"start":{"line":18,"column":4},"end":{"line":18,"column":88}},{"start":{"line":18,"column":4},"end":{"line":18,"column":88}}],"line":18},"4":{"loc":{"start":{"line":19,"column":4},"end":{"line":19,"column":84}},"type":"if","locations":[{"start":{"line":19,"column":4},"end":{"line":19,"column":84}},{"start":{"line":19,"column":4},"end":{"line":19,"column":84}}],"line":19},"5":{"loc":{"start":{"line":20,"column":4},"end":{"line":20,"column":101}},"type":"if","locations":[{"start":{"line":20,"column":4},"end":{"line":20,"column":101}},{"start":{"line":20,"column":4},"end":{"line":20,"column":101}}],"line":20},"6":{"loc":{"start":{"line":21,"column":4},"end":{"line":21,"column":103}},"type":"if","locations":[{"start":{"line":21,"column":4},"end":{"line":21,"column":103}},{"start":{"line":21,"column":4},"end":{"line":21,"column":103}}],"line":21},"7":{"loc":{"start":{"line":22,"column":4},"end":{"line":22,"column":140}},"type":"if","locations":[{"start":{"line":22,"column":4},"end":{"line":22,"column":140}},{"start":{"line":22,"column":4},"end":{"line":22,"column":140}}],"line":22},"8":{"loc":{"start":{"line":26,"column":6},"end":{"line":26,"column":128}},"type":"if","locations":[{"start":{"line":26,"column":6},"end":{"line":26,"column":128}},{"start":{"line":26,"column":6},"end":{"line":26,"column":128}}],"line":26}},"s":{"0":7,"1":7,"2":7,"3":1,"4":7,"5":12,"6":7,"7":18,"8":2,"9":16,"10":2,"11":14,"12":2,"13":12,"14":2,"15":10,"16":2,"17":8,"18":2,"19":6,"20":6,"21":12,"22":2,"23":7,"24":3,"25":3,"26":3,"27":3,"28":3,"29":7,"30":1,"31":1,"32":1,"33":1,"34":1,"35":7,"36":1,"37":1,"38":7},"f":{"0":7,"1":1,"2":12,"3":18,"4":12,"5":3,"6":1,"7":1},"b":{"0":[0],"1":[0],"2":[2,16],"3":[2,14],"4":[2,12],"5":[2,10],"6":[2,8],"7":[2,6],"8":[2,10]},"_coverageSchema":"332fd63041d2c1bcb487cc26dd0d5f7d97098a6c","hash":"18748908c0c7683082c321a46b9fe3098ad3f7a4"}
,"C:\\Users\\Leonardo\\Desktop\\Udemy\\projetos\\Javascript\\Api-Rest-TDD\\src\\services\\user.js": {"path":"C:\\Users\\Leonardo\\Desktop\\Udemy\\projetos\\Javascript\\Api-Rest-TDD\\src\\services\\user.js","statementMap":{"0":{"start":{"line":1,"column":15},"end":{"line":1,"column":39}},"1":{"start":{"line":2,"column":24},"end":{"line":2,"column":60}},"2":{"start":{"line":4,"column":0},"end":{"line":35,"column":2}},"3":{"start":{"line":5,"column":18},"end":{"line":7,"column":3}},"4":{"start":{"line":6,"column":4},"end":{"line":6,"column":59}},"5":{"start":{"line":9,"column":18},"end":{"line":11,"column":3}},"6":{"start":{"line":10,"column":4},"end":{"line":10,"column":49}},"7":{"start":{"line":13,"column":26},"end":{"line":16,"column":3}},"8":{"start":{"line":14,"column":17},"end":{"line":14,"column":39}},"9":{"start":{"line":15,"column":4},"end":{"line":15,"column":43}},"10":{"start":{"line":18,"column":15},"end":{"line":30,"column":3}},"11":{"start":{"line":19,"column":4},"end":{"line":19,"column":80}},"12":{"start":{"line":19,"column":20},"end":{"line":19,"column":80}},"13":{"start":{"line":20,"column":4},"end":{"line":20,"column":82}},"14":{"start":{"line":20,"column":21},"end":{"line":20,"column":82}},"15":{"start":{"line":21,"column":4},"end":{"line":21,"column":85}},"16":{"start":{"line":21,"column":24},"end":{"line":21,"column":85}},"17":{"start":{"line":23,"column":19},"end":{"line":23,"column":55}},"18":{"start":{"line":24,"column":4},"end":{"line":24,"column":81}},"19":{"start":{"line":24,"column":16},"end":{"line":24,"column":81}},"20":{"start":{"line":26,"column":20},"end":{"line":26,"column":31}},"21":{"start":{"line":27,"column":4},"end":{"line":27,"column":54}},"22":{"start":{"line":29,"column":4},"end":{"line":29,"column":68}},"23":{"start":{"line":32,"column":2},"end":{"line":34,"column":4}}},"fnMap":{"0":{"name":"(anonymous_0)","decl":{"start":{"line":4,"column":17},"end":{"line":4,"column":18}},"loc":{"start":{"line":4,"column":26},"end":{"line":35,"column":1}},"line":4},"1":{"name":"(anonymous_1)","decl":{"start":{"line":5,"column":18},"end":{"line":5,"column":19}},"loc":{"start":{"line":5,"column":24},"end":{"line":7,"column":3}},"line":5},"2":{"name":"(anonymous_2)","decl":{"start":{"line":9,"column":18},"end":{"line":9,"column":19}},"loc":{"start":{"line":9,"column":35},"end":{"line":11,"column":3}},"line":9},"3":{"name":"(anonymous_3)","decl":{"start":{"line":13,"column":26},"end":{"line":13,"column":27}},"loc":{"start":{"line":13,"column":40},"end":{"line":16,"column":3}},"line":13},"4":{"name":"(anonymous_4)","decl":{"start":{"line":18,"column":15},"end":{"line":18,"column":16}},"loc":{"start":{"line":18,"column":31},"end":{"line":30,"column":3}},"line":18}},"branchMap":{"0":{"loc":{"start":{"line":9,"column":19},"end":{"line":9,"column":30}},"type":"default-arg","locations":[{"start":{"line":9,"column":28},"end":{"line":9,"column":30}}],"line":9},"1":{"loc":{"start":{"line":19,"column":4},"end":{"line":19,"column":80}},"type":"if","locations":[{"start":{"line":19,"column":4},"end":{"line":19,"column":80}},{"start":{"line":19,"column":4},"end":{"line":19,"column":80}}],"line":19},"2":{"loc":{"start":{"line":20,"column":4},"end":{"line":20,"column":82}},"type":"if","locations":[{"start":{"line":20,"column":4},"end":{"line":20,"column":82}},{"start":{"line":20,"column":4},"end":{"line":20,"column":82}}],"line":20},"3":{"loc":{"start":{"line":21,"column":4},"end":{"line":21,"column":85}},"type":"if","locations":[{"start":{"line":21,"column":4},"end":{"line":21,"column":85}},{"start":{"line":21,"column":4},"end":{"line":21,"column":85}}],"line":21},"4":{"loc":{"start":{"line":24,"column":4},"end":{"line":24,"column":81}},"type":"if","locations":[{"start":{"line":24,"column":4},"end":{"line":24,"column":81}},{"start":{"line":24,"column":4},"end":{"line":24,"column":81}}],"line":24}},"s":{"0":7,"1":7,"2":7,"3":7,"4":1,"5":7,"6":84,"7":7,"8":8,"9":8,"10":7,"11":12,"12":1,"13":11,"14":1,"15":10,"16":1,"17":9,"18":9,"19":1,"20":8,"21":8,"22":8,"23":7},"f":{"0":7,"1":1,"2":84,"3":8,"4":12},"b":{"0":[0],"1":[1,11],"2":[1,10],"3":[1,9],"4":[1,8]},"_coverageSchema":"332fd63041d2c1bcb487cc26dd0d5f7d97098a6c","hash":"0bb23ff573049e30720d335da52cc00bf9dc39d3"}
}
